{
  message: 'db connected',
  level: 'info',
  label: 'ph!',
  timestamp: '2023-06-27T08:05:47.057Z'
}
{
  message: 'Example app listening on port 5000',
  level: 'info',
  label: 'ph!',
  timestamp: '2023-06-27T08:05:47.073Z'
}
{
  message: 'db connected',
  level: 'info',
  label: 'ph!',
  timestamp: '2023-06-27T08:06:50.707Z'
}
{
  message: 'Example app listening on port 5000',
  level: 'info',
  label: 'ph!',
  timestamp: '2023-06-27T08:06:50.720Z'
}
{
  message: 'db connected',
  level: 'info',
  label: 'ph!',
  timestamp: '2023-06-27T08:07:29.239Z'
}
{
  message: 'Example app listening on port 5000',
  level: 'info',
  label: 'ph!',
  timestamp: '2023-06-27T08:07:29.251Z'
}
{
  message: 'db connected',
  level: 'info',
  label: 'ph!',
  timestamp: '2023-06-27T08:07:36.370Z'
}
{
  message: 'Example app listening on port 5000',
  level: 'info',
  label: 'ph!',
  timestamp: '2023-06-27T08:07:36.387Z'
}
{
  message: 'db connected',
  level: 'info',
  label: 'ph!',
  timestamp: '2023-06-27T08:08:42.475Z'
}
{
  message: 'Example app listening on port 5000',
  level: 'info',
  label: 'ph!',
  timestamp: '2023-06-27T08:08:42.490Z'
}
{
  message: 'db connected',
  level: 'info',
  label: 'ph!',
  timestamp: '2023-06-27T08:13:03.121Z'
}
{
  message: 'Example app listening on port 5000',
  level: 'info',
  label: 'ph!',
  timestamp: '2023-06-27T08:13:03.137Z'
}
{
  message: 'db connected',
  level: 'info',
  label: 'ph!',
  timestamp: '2023-06-27T08:13:27.686Z'
}
{
  message: 'Example app listening on port 5000',
  level: 'info',
  label: 'ph!',
  timestamp: '2023-06-27T08:13:27.700Z'
}
{
  message: 'db connected',
  level: 'info',
  label: 'ph!',
  timestamp: '2023-06-27T08:13:35.303Z'
}
{
  message: 'Example app listening on port 5000',
  level: 'info',
  label: 'ph!',
  timestamp: '2023-06-27T08:13:35.315Z'
}
{
  message: 'db connected',
  level: 'info',
  label: 'ph!',
  timestamp: '2023-06-27T08:14:27.567Z'
}
{
  message: 'Example app listening on port 5000',
  level: 'info',
  label: 'ph!',
  timestamp: '2023-06-27T08:14:27.581Z'
}
{
  message: 'db connected',
  level: 'info',
  label: 'ph!',
  timestamp: '2023-06-27T08:14:50.957Z'
}
{
  message: 'Example app listening on port 5000',
  level: 'info',
  label: 'ph!',
  timestamp: '2023-06-27T08:14:50.972Z'
}
{
  message: 'db connected',
  level: 'info',
  label: 'ph!',
  timestamp: '2023-06-27T08:21:06.618Z'
}
{
  message: 'Example app listening on port 5000',
  level: 'info',
  label: 'ph!',
  timestamp: '2023-06-27T08:21:06.632Z'
}
