{
  message: 'db connected',
  level: 'info',
  label: 'ph!',
  timestamp: '2023-06-24T17:18:27.630Z'
}
{
  message: 'Example app listening on port 5000',
  level: 'info',
  label: 'ph!',
  timestamp: '2023-06-24T17:18:27.645Z'
}
{
  message: 'db connected',
  level: 'info',
  label: 'ph!',
  timestamp: '2023-06-24T17:18:44.538Z'
}
{
  message: 'Example app listening on port 5000',
  level: 'info',
  label: 'ph!',
  timestamp: '2023-06-24T17:18:44.552Z'
}
{
  message: 'db connected',
  level: 'info',
  label: 'ph!',
  timestamp: '2023-06-24T17:24:18.646Z'
}
{
  message: 'Example app listening on port 5000',
  level: 'info',
  label: 'ph!',
  timestamp: '2023-06-24T17:24:18.659Z'
}
{
  message: 'db connected',
  level: 'info',
  label: 'ph!',
  timestamp: '2023-06-24T17:25:44.679Z'
}
{
  message: 'Example app listening on port 5000',
  level: 'info',
  label: 'ph!',
  timestamp: '2023-06-24T17:25:44.693Z'
}
{
  message: 'db connected',
  level: 'info',
  label: 'ph!',
  timestamp: '2023-06-24T17:26:01.229Z'
}
{
  message: 'Example app listening on port 5000',
  level: 'info',
  label: 'ph!',
  timestamp: '2023-06-24T17:26:01.243Z'
}
{
  message: 'db connected',
  level: 'info',
  label: 'ph!',
  timestamp: '2023-06-24T17:26:11.476Z'
}
{
  message: 'Example app listening on port 5000',
  level: 'info',
  label: 'ph!',
  timestamp: '2023-06-24T17:26:11.490Z'
}
{
  message: 'db connected',
  level: 'info',
  label: 'ph!',
  timestamp: '2023-06-24T17:27:19.463Z'
}
{
  message: 'Example app listening on port 5000',
  level: 'info',
  label: 'ph!',
  timestamp: '2023-06-24T17:27:19.477Z'
}
{
  message: 'db connected',
  level: 'info',
  label: 'ph!',
  timestamp: '2023-06-24T17:27:56.766Z'
}
{
  message: 'Example app listening on port 5000',
  level: 'info',
  label: 'ph!',
  timestamp: '2023-06-24T17:27:56.780Z'
}
{
  message: 'db connected',
  level: 'info',
  label: 'ph!',
  timestamp: '2023-06-24T17:28:55.350Z'
}
{
  message: 'Example app listening on port 5000',
  level: 'info',
  label: 'ph!',
  timestamp: '2023-06-24T17:28:55.363Z'
}
{
  message: 'db connected',
  level: 'info',
  label: 'ph!',
  timestamp: '2023-06-24T17:29:09.140Z'
}
{
  message: 'Example app listening on port 5000',
  level: 'info',
  label: 'ph!',
  timestamp: '2023-06-24T17:29:09.152Z'
}
{
  message: 'db connected',
  level: 'info',
  label: 'ph!',
  timestamp: '2023-06-24T17:29:47.476Z'
}
{
  message: 'Example app listening on port 5000',
  level: 'info',
  label: 'ph!',
  timestamp: '2023-06-24T17:29:47.488Z'
}
