{
  message: 'db connected',
  level: 'info',
  label: 'ph!',
  timestamp: '2023-06-21T14:00:32.138Z'
}
{
  message: 'Example app listening on port 5000',
  level: 'info',
  label: 'ph!',
  timestamp: '2023-06-21T14:00:32.150Z'
}
{
  message: 'db connected',
  level: 'info',
  label: 'ph!',
  timestamp: '2023-06-21T14:01:44.633Z'
}
{
  message: 'Example app listening on port 5000',
  level: 'info',
  label: 'ph!',
  timestamp: '2023-06-21T14:01:44.643Z'
}
{
  message: 'db connected',
  level: 'info',
  label: 'ph!',
  timestamp: '2023-06-21T14:06:16.551Z'
}
{
  message: 'Example app listening on port 5000',
  level: 'info',
  label: 'ph!',
  timestamp: '2023-06-21T14:06:16.563Z'
}
{
  message: 'db connected',
  level: 'info',
  label: 'ph!',
  timestamp: '2023-06-21T14:06:24.101Z'
}
{
  message: 'Example app listening on port 5000',
  level: 'info',
  label: 'ph!',
  timestamp: '2023-06-21T14:06:24.115Z'
}
{
  message: 'db connected',
  level: 'info',
  label: 'ph!',
  timestamp: '2023-06-21T14:09:36.260Z'
}
{
  message: 'Example app listening on port 5000',
  level: 'info',
  label: 'ph!',
  timestamp: '2023-06-21T14:09:36.272Z'
}
{
  message: 'db connected',
  level: 'info',
  label: 'ph!',
  timestamp: '2023-06-21T14:09:49.373Z'
}
{
  message: 'Example app listening on port 5000',
  level: 'info',
  label: 'ph!',
  timestamp: '2023-06-21T14:09:49.385Z'
}
