{
  message: 'db connected',
  level: 'info',
  label: 'ph!',
  timestamp: '2023-06-23T09:52:37.499Z'
}
{
  message: 'Example app listening on port 5000',
  level: 'info',
  label: 'ph!',
  timestamp: '2023-06-23T09:52:37.512Z'
}
{
  message: 'db connected',
  level: 'info',
  label: 'ph!',
  timestamp: '2023-06-23T09:56:25.141Z'
}
{
  message: 'Example app listening on port 5000',
  level: 'info',
  label: 'ph!',
  timestamp: '2023-06-23T09:56:25.155Z'
}
{
  message: 'db connected',
  level: 'info',
  label: 'ph!',
  timestamp: '2023-06-23T09:57:39.085Z'
}
{
  message: 'Example app listening on port 5000',
  level: 'info',
  label: 'ph!',
  timestamp: '2023-06-23T09:57:39.100Z'
}
{
  message: 'db connected',
  level: 'info',
  label: 'ph!',
  timestamp: '2023-06-23T09:58:00.627Z'
}
{
  message: 'Example app listening on port 5000',
  level: 'info',
  label: 'ph!',
  timestamp: '2023-06-23T09:58:00.642Z'
}
