[Fri Jun 23 2023 10:47:44  }] wrong meow! error: globalErroHandler -  [
  {
    "received": "Autumn",
    "code": "invalid_enum_value",
    "options": [
      "Autumn | Summer | Fall"
    ],
    "path": [
      "body",
      "title"
    ],
    "message": "Invalid enum value. Expected 'Autumn | Summer | Fall', received 'Autumn'"
  },
  {
    "received": "01",
    "code": "invalid_enum_value",
    "options": [
      "01 | 02 | 03"
    ],
    "path": [
      "body",
      "code"
    ],
    "message": "Invalid enum value. Expected '01 | 02 | 03', received '01'"
  },
  {
    "received": "january",
    "code": "invalid_enum_value",
    "options": [
      "January",
      "February",
      "March",
      "April",
      "May",
      "June",
      "July",
      "August",
      "September",
      "October",
      "November",
      "December"
    ],
    "path": [
      "body",
      "startMonth"
    ],
    "message": "Invalid enum value. Expected 'January' | 'February' | 'March' | 'April' | 'May' | 'June' | 'July' | 'August' | 'September' | 'October' | 'November' | 'December', received 'january'"
  },
  {
    "received": "march",
    "code": "invalid_enum_value",
    "options": [
      "January",
      "February",
      "March",
      "April",
      "May",
      "June",
      "July",
      "August",
      "September",
      "October",
      "November",
      "December"
    ],
    "path": [
      "body",
      "endMonth"
    ],
    "message": "Invalid enum value. Expected 'January' | 'February' | 'March' | 'April' | 'May' | 'June' | 'July' | 'August' | 'September' | 'October' | 'November' | 'December', received 'march'"
  }
] 2023-06-23T04:47:44.312Z 
[Fri Jun 23 2023 10:48:43  }] wrong meow! error: globalErroHandler -  [
  {
    "received": "Autumn",
    "code": "invalid_enum_value",
    "options": [
      "Autumn | Summer | Fall"
    ],
    "path": [
      "body",
      "title"
    ],
    "message": "Invalid enum value. Expected 'Autumn | Summer | Fall', received 'Autumn'"
  },
  {
    "received": "01",
    "code": "invalid_enum_value",
    "options": [
      "01 | 02 | 03"
    ],
    "path": [
      "body",
      "code"
    ],
    "message": "Invalid enum value. Expected '01 | 02 | 03', received '01'"
  },
  {
    "received": "january",
    "code": "invalid_enum_value",
    "options": [
      "January",
      "February",
      "March",
      "April",
      "May",
      "June",
      "July",
      "August",
      "September",
      "October",
      "November",
      "December"
    ],
    "path": [
      "body",
      "startMonth"
    ],
    "message": "Invalid enum value. Expected 'January' | 'February' | 'March' | 'April' | 'May' | 'June' | 'July' | 'August' | 'September' | 'October' | 'November' | 'December', received 'january'"
  },
  {
    "received": "march",
    "code": "invalid_enum_value",
    "options": [
      "January",
      "February",
      "March",
      "April",
      "May",
      "June",
      "July",
      "August",
      "September",
      "October",
      "November",
      "December"
    ],
    "path": [
      "body",
      "endMonth"
    ],
    "message": "Invalid enum value. Expected 'January' | 'February' | 'March' | 'April' | 'May' | 'June' | 'July' | 'August' | 'September' | 'October' | 'November' | 'December', received 'march'"
  }
] 2023-06-23T04:48:43.780Z 
[Fri Jun 23 2023 10:48:57  }] wrong meow! error: globalErroHandler -  [
  {
    "received": "Autumn",
    "code": "invalid_enum_value",
    "options": [
      "Autumn | Summer | Fall"
    ],
    "path": [
      "body",
      "title"
    ],
    "message": "Invalid enum value. Expected 'Autumn | Summer | Fall', received 'Autumn'"
  },
  {
    "received": "01",
    "code": "invalid_enum_value",
    "options": [
      "01 | 02 | 03"
    ],
    "path": [
      "body",
      "code"
    ],
    "message": "Invalid enum value. Expected '01 | 02 | 03', received '01'"
  },
  {
    "received": "january",
    "code": "invalid_enum_value",
    "options": [
      "January",
      "February",
      "March",
      "April",
      "May",
      "June",
      "July",
      "August",
      "September",
      "October",
      "November",
      "December"
    ],
    "path": [
      "body",
      "startMonth"
    ],
    "message": "Invalid enum value. Expected 'January' | 'February' | 'March' | 'April' | 'May' | 'June' | 'July' | 'August' | 'September' | 'October' | 'November' | 'December', received 'january'"
  },
  {
    "received": "march",
    "code": "invalid_enum_value",
    "options": [
      "January",
      "February",
      "March",
      "April",
      "May",
      "June",
      "July",
      "August",
      "September",
      "October",
      "November",
      "December"
    ],
    "path": [
      "body",
      "endMonth"
    ],
    "message": "Invalid enum value. Expected 'January' | 'February' | 'March' | 'April' | 'May' | 'June' | 'July' | 'August' | 'September' | 'October' | 'November' | 'December', received 'march'"
  }
] 2023-06-23T04:48:57.617Z 
[Fri Jun 23 2023 10:51:23  }] wrong meow! error: globalErroHandler -  [
  {
    "received": "Autumn",
    "code": "invalid_enum_value",
    "options": [
      "Autumn | Summer | Fall"
    ],
    "path": [
      "body",
      "title"
    ],
    "message": "Invalid enum value. Expected 'Autumn | Summer | Fall', received 'Autumn'"
  },
  {
    "received": "01",
    "code": "invalid_enum_value",
    "options": [
      "01 | 02 | 03"
    ],
    "path": [
      "body",
      "code"
    ],
    "message": "Invalid enum value. Expected '01 | 02 | 03', received '01'"
  },
  {
    "received": "january",
    "code": "invalid_enum_value",
    "options": [
      "January",
      "February",
      "March",
      "April",
      "May",
      "June",
      "July",
      "August",
      "September",
      "October",
      "November",
      "December"
    ],
    "path": [
      "body",
      "startMonth"
    ],
    "message": "Invalid enum value. Expected 'January' | 'February' | 'March' | 'April' | 'May' | 'June' | 'July' | 'August' | 'September' | 'October' | 'November' | 'December', received 'january'"
  },
  {
    "received": "may",
    "code": "invalid_enum_value",
    "options": [
      "January",
      "February",
      "March",
      "April",
      "May",
      "June",
      "July",
      "August",
      "September",
      "October",
      "November",
      "December"
    ],
    "path": [
      "body",
      "endMonth"
    ],
    "message": "Invalid enum value. Expected 'January' | 'February' | 'March' | 'April' | 'May' | 'June' | 'July' | 'August' | 'September' | 'October' | 'November' | 'December', received 'may'"
  }
] 2023-06-23T04:51:23.258Z 
[Fri Jun 23 2023 10:51:35  }] wrong meow! error: globalErroHandler -  [
  {
    "received": "Autumn",
    "code": "invalid_enum_value",
    "options": [
      "Autumn | Summer | Fall"
    ],
    "path": [
      "body",
      "title"
    ],
    "message": "Invalid enum value. Expected 'Autumn | Summer | Fall', received 'Autumn'"
  },
  {
    "received": "01",
    "code": "invalid_enum_value",
    "options": [
      "01 | 02 | 03"
    ],
    "path": [
      "body",
      "code"
    ],
    "message": "Invalid enum value. Expected '01 | 02 | 03', received '01'"
  }
] 2023-06-23T04:51:35.581Z 
[Fri Jun 23 2023 10:52:4  }] wrong meow! error: globalErroHandler -  [
  {
    "received": "Autumn",
    "code": "invalid_enum_value",
    "options": [
      "Autumn | Summer | Fall"
    ],
    "path": [
      "body",
      "title"
    ],
    "message": "Invalid enum value. Expected 'Autumn | Summer | Fall', received 'Autumn'"
  },
  {
    "received": "01",
    "code": "invalid_enum_value",
    "options": [
      "01 | 02 | 03"
    ],
    "path": [
      "body",
      "code"
    ],
    "message": "Invalid enum value. Expected '01 | 02 | 03', received '01'"
  }
] 2023-06-23T04:52:04.814Z 
[Fri Jun 23 2023 10:53:26  }] wrong meow! error: globalErroHandler -  [
  {
    "received": "Autumn",
    "code": "invalid_enum_value",
    "options": [
      "Autumn | Summer | Fall"
    ],
    "path": [
      "body",
      "title"
    ],
    "message": "Invalid enum value. Expected 'Autumn | Summer | Fall', received 'Autumn'"
  },
  {
    "received": "01",
    "code": "invalid_enum_value",
    "options": [
      "01 | 02 | 03"
    ],
    "path": [
      "body",
      "code"
    ],
    "message": "Invalid enum value. Expected '01 | 02 | 03', received '01'"
  }
] 2023-06-23T04:53:26.850Z 
[Fri Jun 23 2023 10:54:8  }] wrong meow! error: globalErroHandler -  [
  {
    "received": "Autumn",
    "code": "invalid_enum_value",
    "options": [
      "Autumn | Summer | Fall"
    ],
    "path": [
      "body",
      "title"
    ],
    "message": "Invalid enum value. Expected 'Autumn | Summer | Fall', received 'Autumn'"
  },
  {
    "received": "01",
    "code": "invalid_enum_value",
    "options": [
      "01 | 02 | 03"
    ],
    "path": [
      "body",
      "code"
    ],
    "message": "Invalid enum value. Expected '01 | 02 | 03', received '01'"
  }
] 2023-06-23T04:54:08.006Z 
[Fri Jun 23 2023 10:56:11  }] wrong meow! error: globalErroHandler -  [
  {
    "received": "Autumn",
    "code": "invalid_enum_value",
    "options": [
      "Autumn | Summer | Fall"
    ],
    "path": [
      "body",
      "title"
    ],
    "message": "Invalid enum value. Expected 'Autumn | Summer | Fall', received 'Autumn'"
  },
  {
    "received": "01",
    "code": "invalid_enum_value",
    "options": [
      "01 | 02 | 03"
    ],
    "path": [
      "body",
      "code"
    ],
    "message": "Invalid enum value. Expected '01 | 02 | 03', received '01'"
  }
] 2023-06-23T04:56:11.227Z 
[Fri Jun 23 2023 10:58:32  }] wrong meow! error: globalErroHandler -  [
  {
    "received": "Fadfhdrll",
    "code": "invalid_enum_value",
    "options": [
      "Autumn",
      "Summer",
      "Fall"
    ],
    "path": [
      "body",
      "title"
    ],
    "message": "Invalid enum value. Expected 'Autumn' | 'Summer' | 'Fall', received 'Fadfhdrll'"
  }
] 2023-06-23T04:58:32.017Z 
[Fri Jun 23 2023 10:58:37  }] wrong meow! error: globalErroHandler -  [
  {
    "received": "",
    "code": "invalid_enum_value",
    "options": [
      "Autumn",
      "Summer",
      "Fall"
    ],
    "path": [
      "body",
      "title"
    ],
    "message": "Invalid enum value. Expected 'Autumn' | 'Summer' | 'Fall', received ''"
  }
] 2023-06-23T04:58:37.970Z 
